  Generating C:/Users/ankit/OneDrive/Desktop/My VK_Mini_Path_Tracer/nvpro_core/_autogen/hdr_dome.comp.h
  C:/VulkanSDK/1.3.250.1/Bin/glslangValidator.exe -Invvkhl/shaders "-IC:/Users/ankit/OneDrive/Desktop/My VK_Mini_Path_Tracer/nvpro_core" -g --target-env vulkan1.2 --vn hdr_dome_comp -o "C:/Users/ankit/OneDrive/Desktop/My VK_Mini_Path_Tracer/nvpro_core/_autogen/hdr_dome.comp.h" "C:/Users/ankit/OneDrive/Desktop/My VK_Mini_Path_Tracer/nvpro_core/nvvkhl/shaders/hdr_dome.comp"
  C:/Users/ankit/OneDrive/Desktop/My VK_Mini_Path_Tracer/nvpro_core/nvvkhl/shaders/hdr_dome.comp
  Generating C:/Users/ankit/OneDrive/Desktop/My VK_Mini_Path_Tracer/nvpro_core/_autogen/hdr_integrate_brdf.comp.h
  C:/VulkanSDK/1.3.250.1/Bin/glslangValidator.exe -Invvkhl/shaders "-IC:/Users/ankit/OneDrive/Desktop/My VK_Mini_Path_Tracer/nvpro_core" -g --target-env vulkan1.2 --vn hdr_integrate_brdf_comp -o "C:/Users/ankit/OneDrive/Desktop/My VK_Mini_Path_Tracer/nvpro_core/_autogen/hdr_integrate_brdf.comp.h" "C:/Users/ankit/OneDrive/Desktop/My VK_Mini_Path_Tracer/nvpro_core/nvvkhl/shaders/hdr_integrate_brdf.comp"
  C:/Users/ankit/OneDrive/Desktop/My VK_Mini_Path_Tracer/nvpro_core/nvvkhl/shaders/hdr_integrate_brdf.comp
  Generating C:/Users/ankit/OneDrive/Desktop/My VK_Mini_Path_Tracer/nvpro_core/_autogen/hdr_prefilter_diffuse.comp.h
  C:/VulkanSDK/1.3.250.1/Bin/glslangValidator.exe -Invvkhl/shaders "-IC:/Users/ankit/OneDrive/Desktop/My VK_Mini_Path_Tracer/nvpro_core" -g --target-env vulkan1.2 --vn hdr_prefilter_diffuse_comp -o "C:/Users/ankit/OneDrive/Desktop/My VK_Mini_Path_Tracer/nvpro_core/_autogen/hdr_prefilter_diffuse.comp.h" "C:/Users/ankit/OneDrive/Desktop/My VK_Mini_Path_Tracer/nvpro_core/nvvkhl/shaders/hdr_prefilter_diffuse.comp"
  C:/Users/ankit/OneDrive/Desktop/My VK_Mini_Path_Tracer/nvpro_core/nvvkhl/shaders/hdr_prefilter_diffuse.comp
  Generating C:/Users/ankit/OneDrive/Desktop/My VK_Mini_Path_Tracer/nvpro_core/_autogen/hdr_prefilter_glossy.comp.h
  C:/VulkanSDK/1.3.250.1/Bin/glslangValidator.exe -Invvkhl/shaders "-IC:/Users/ankit/OneDrive/Desktop/My VK_Mini_Path_Tracer/nvpro_core" -g --target-env vulkan1.2 --vn hdr_prefilter_glossy_comp -o "C:/Users/ankit/OneDrive/Desktop/My VK_Mini_Path_Tracer/nvpro_core/_autogen/hdr_prefilter_glossy.comp.h" "C:/Users/ankit/OneDrive/Desktop/My VK_Mini_Path_Tracer/nvpro_core/nvvkhl/shaders/hdr_prefilter_glossy.comp"
  C:/Users/ankit/OneDrive/Desktop/My VK_Mini_Path_Tracer/nvpro_core/nvvkhl/shaders/hdr_prefilter_glossy.comp
  Generating C:/Users/ankit/OneDrive/Desktop/My VK_Mini_Path_Tracer/nvpro_core/_autogen/passthrough.vert.h
  C:/VulkanSDK/1.3.250.1/Bin/glslangValidator.exe -Invvkhl/shaders "-IC:/Users/ankit/OneDrive/Desktop/My VK_Mini_Path_Tracer/nvpro_core" -g --target-env vulkan1.2 --vn passthrough_vert -o "C:/Users/ankit/OneDrive/Desktop/My VK_Mini_Path_Tracer/nvpro_core/_autogen/passthrough.vert.h" "C:/Users/ankit/OneDrive/Desktop/My VK_Mini_Path_Tracer/nvpro_core/nvvkhl/shaders/passthrough.vert"
  C:/Users/ankit/OneDrive/Desktop/My VK_Mini_Path_Tracer/nvpro_core/nvvkhl/shaders/passthrough.vert
  Generating C:/Users/ankit/OneDrive/Desktop/My VK_Mini_Path_Tracer/nvpro_core/_autogen/sky.comp.h
  C:/VulkanSDK/1.3.250.1/Bin/glslangValidator.exe -Invvkhl/shaders "-IC:/Users/ankit/OneDrive/Desktop/My VK_Mini_Path_Tracer/nvpro_core" -g --target-env vulkan1.2 --vn sky_comp -o "C:/Users/ankit/OneDrive/Desktop/My VK_Mini_Path_Tracer/nvpro_core/_autogen/sky.comp.h" "C:/Users/ankit/OneDrive/Desktop/My VK_Mini_Path_Tracer/nvpro_core/nvvkhl/shaders/sky.comp"
  C:/Users/ankit/OneDrive/Desktop/My VK_Mini_Path_Tracer/nvpro_core/nvvkhl/shaders/sky.comp
  Generating C:/Users/ankit/OneDrive/Desktop/My VK_Mini_Path_Tracer/nvpro_core/_autogen/tonemapper.comp.h
  C:/VulkanSDK/1.3.250.1/Bin/glslangValidator.exe -Invvkhl/shaders "-IC:/Users/ankit/OneDrive/Desktop/My VK_Mini_Path_Tracer/nvpro_core" -g --target-env vulkan1.2 --vn tonemapper_comp -o "C:/Users/ankit/OneDrive/Desktop/My VK_Mini_Path_Tracer/nvpro_core/_autogen/tonemapper.comp.h" "C:/Users/ankit/OneDrive/Desktop/My VK_Mini_Path_Tracer/nvpro_core/nvvkhl/shaders/tonemapper.comp"
  C:/Users/ankit/OneDrive/Desktop/My VK_Mini_Path_Tracer/nvpro_core/nvvkhl/shaders/tonemapper.comp
  Generating C:/Users/ankit/OneDrive/Desktop/My VK_Mini_Path_Tracer/nvpro_core/_autogen/tonemapper.frag.h
  C:/VulkanSDK/1.3.250.1/Bin/glslangValidator.exe -Invvkhl/shaders "-IC:/Users/ankit/OneDrive/Desktop/My VK_Mini_Path_Tracer/nvpro_core" -g --target-env vulkan1.2 --vn tonemapper_frag -o "C:/Users/ankit/OneDrive/Desktop/My VK_Mini_Path_Tracer/nvpro_core/_autogen/tonemapper.frag.h" "C:/Users/ankit/OneDrive/Desktop/My VK_Mini_Path_Tracer/nvpro_core/nvvkhl/shaders/tonemapper.frag"
  C:/Users/ankit/OneDrive/Desktop/My VK_Mini_Path_Tracer/nvpro_core/nvvkhl/shaders/tonemapper.frag
  Building Custom Rule C:/Users/ankit/OneDrive/Desktop/My VK_Mini_Path_Tracer/nvpro_core/CMakeLists.txt
  cmake_pch.cxx
  appwindowprofiler.cpp
  bitarray.cpp
  cameramanipulator.cpp
  filemapping.cpp
  gltfscene.cpp
  nvprint.cpp
  parametertools.cpp
  primitives.cpp
  profiler.cpp
  shaderfilemanager.cpp
  nv_dds.cpp
  tiny_converter.cpp
  nvpwindow.cpp
  nvpsystem.cpp
  nvpfilesystem.cpp
  nvpsystem_win32.cpp
  appwindowprofiler_vk.cpp
  buffersuballocator_vk.cpp
  commands_vk.cpp
  context_vk.cpp
  debug_util_vk.cpp
  descriptorsets_vk.cpp
  dynamicrendering_vk.cpp
  error_vk.cpp
  extensions_vk.cpp
  gizmos_vk.cpp
  images_vk.cpp
  memallocator_dedicated_vk.cpp
  memallocator_vk.cpp
  memorymanagement_vk.cpp
  memorymanagement_vkgl.cpp
  pipeline_vk.cpp
  profiler_vk.cpp
  raytraceKHR_vk.cpp
  raytraceNV_vk.cpp
  renderpasses_vk.cpp
  resourceallocator_vk.cpp
  samplers_vk.cpp
  sbtwrapper_vk.cpp
  shadermodulemanager_vk.cpp
  sparse_image_vk.cpp
  stagingmemorymanager_vk.cpp
  swapchain_vk.cpp
  vulkanhppsupport.cpp
  vulkanhppsupport_vkgl.cpp
  appbase_vk.cpp
  appbase_vkpp.cpp
  application.cpp
  gbuffer.cpp
  gltf_scene.cpp
  gltf_scene_rtx.cpp
  gltf_scene_vk.cpp
  hdr_env.cpp
  hdr_env_dome.cpp
  sky.cpp
  tonemap_postprocess.cpp
  nvpro_core.vcxproj -> C:\Users\ankit\OneDrive\Desktop\My VK_Mini_Path_Tracer\bin_x64\Debug\nvpro_core_vk.lib
